# JRE version: OpenJDK Runtime Environment (8.0_212-b04) (build 1.8.0_212-release-1586-b04)
# Java VM: OpenJDK 64-Bit Server VM (25.212-b04 mixed mode windows-amd64 compressed oops)
Heap:
 PSYoungGen      total 266240K, used 205281K [0x00000000e0000000, 0x00000000f5a00000, 0x0000000100000000)
  eden space 194560K, 82% used [0x00000000e0000000,0x00000000e9c8a470,0x00000000ebe00000)
  from space 71680K, 62% used [0x00000000ebe00000,0x00000000ee9ee1e0,0x00000000f0400000)
  to   space 72192K, 0% used [0x00000000f1380000,0x00000000f1380000,0x00000000f5a00000)
 ParOldGen       total 218624K, used 70160K [0x00000000a0000000, 0x00000000ad580000, 0x00000000e0000000)
  object space 218624K, 32% used [0x00000000a0000000,0x00000000a44842a8,0x00000000ad580000)
 Metaspace       used 159134K, capacity 168092K, committed 170264K, reserved 1198080K
  class space    used 19882K, capacity 21473K, committed 21800K, reserved 1048576K
GC Heap History (10 events):
Event: 25146.990 GC heap before
{Heap before GC invocations=70 (full 11):
 PSYoungGen      total 213504K, used 34466K [0x00000000e0000000, 0x00000000f4880000, 0x0000000100000000)
  eden space 178688K, 0% used [0x00000000e0000000,0x00000000e0000000,0x00000000eae80000)
  from space 34816K, 98% used [0x00000000eae80000,0x00000000ed028a10,0x00000000ed080000)
  to   space 78848K, 0% used [0x00000000efb80000,0x00000000efb80000,0x00000000f4880000)
 ParOldGen       total 218624K, used 83096K [0x00000000a0000000, 0x00000000ad580000, 0x00000000e0000000)
  object space 218624K, 38% used [0x00000000a0000000,0x00000000a5126300,0x00000000ad580000)
 Metaspace       used 133271K, capacity 143334K, committed 143512K, reserved 1173504K
  class space    used 16806K, capacity 18580K, committed 18600K, reserved 1048576K
Event: 25147.875 GC heap after
Heap after GC invocations=70 (full 11):
 PSYoungGen      total 213504K, used 0K [0x00000000e0000000, 0x00000000f4880000, 0x0000000100000000)
  eden space 178688K, 0% used [0x00000000e0000000,0x00000000e0000000,0x00000000eae80000)
  from space 34816K, 0% used [0x00000000eae80000,0x00000000eae80000,0x00000000ed080000)
  to   space 78848K, 0% used [0x00000000efb80000,0x00000000efb80000,0x00000000f4880000)
 ParOldGen       total 218624K, used 70136K [0x00000000a0000000, 0x00000000ad580000, 0x00000000e0000000)
  object space 218624K, 32% used [0x00000000a0000000,0x00000000a447e2a8,0x00000000ad580000)
 Metaspace       used 130362K, capacity 137596K, committed 143512K, reserved 1173504K
  class space    used 16233K, capacity 17523K, committed 18600K, reserved 1048576K
}
Event: 25261.062 GC heap before
{Heap before GC invocations=71 (full 11):
 PSYoungGen      total 213504K, used 178688K [0x00000000e0000000, 0x00000000f4880000, 0x0000000100000000)
  eden space 178688K, 100% used [0x00000000e0000000,0x00000000eae80000,0x00000000eae80000)
  from space 34816K, 0% used [0x00000000eae80000,0x00000000eae80000,0x00000000ed080000)
  to   space 78848K, 0% used [0x00000000efb80000,0x00000000efb80000,0x00000000f4880000)
 ParOldGen       total 218624K, used 70136K [0x00000000a0000000, 0x00000000ad580000, 0x00000000e0000000)
  object space 218624K, 32% used [0x00000000a0000000,0x00000000a447e2a8,0x00000000ad580000)
 Metaspace       used 141511K, capacity 149636K, committed 153368K, reserved 1183744K
  class space    used 17753K, capacity 19196K, committed 19752K, reserved 1048576K
Event: 25261.079 GC heap after
Heap after GC invocations=71 (full 11):
 PSYoungGen      total 259584K, used 22191K [0x00000000e0000000, 0x00000000f5100000, 0x0000000100000000)
  eden space 180736K, 0% used [0x00000000e0000000,0x00000000e0000000,0x00000000eb080000)
  from space 78848K, 28% used [0x00000000efb80000,0x00000000f112bd88,0x00000000f4880000)
  to   space 76800K, 0% used [0x00000000eb080000,0x00000000eb080000,0x00000000efb80000)
 ParOldGen       total 218624K, used 70144K [0x00000000a0000000, 0x00000000ad580000, 0x00000000e0000000)
  object space 218624K, 32% used [0x00000000a0000000,0x00000000a44802a8,0x00000000ad580000)
 Metaspace       used 141511K, capacity 149636K, committed 153368K, reserved 1183744K
  class space    used 17753K, capacity 19196K, committed 19752K, reserved 1048576K
}
Event: 25274.180 GC heap before
{Heap before GC invocations=72 (full 11):
 PSYoungGen      total 259584K, used 202927K [0x00000000e0000000, 0x00000000f5100000, 0x0000000100000000)
  eden space 180736K, 100% used [0x00000000e0000000,0x00000000eb080000,0x00000000eb080000)
  from space 78848K, 28% used [0x00000000efb80000,0x00000000f112bd88,0x00000000f4880000)
  to   space 76800K, 0% used [0x00000000eb080000,0x00000000eb080000,0x00000000efb80000)
 ParOldGen       total 218624K, used 70144K [0x00000000a0000000, 0x00000000ad580000, 0x00000000e0000000)
  object space 218624K, 32% used [0x00000000a0000000,0x00000000a44802a8,0x00000000ad580000)
 Metaspace       used 145264K, capacity 153462K, committed 156952K, reserved 1185792K
  class space    used 18236K, capacity 19700K, committed 20264K, reserved 1048576K
Event: 25274.204 GC heap after
Heap after GC invocations=72 (full 11):
 PSYoungGen      total 257536K, used 25805K [0x00000000e0000000, 0x00000000f4c80000, 0x0000000100000000)
  eden space 180736K, 0% used [0x00000000e0000000,0x00000000e0000000,0x00000000eb080000)
  from space 76800K, 33% used [0x00000000eb080000,0x00000000ec9b3700,0x00000000efb80000)
  to   space 74240K, 0% used [0x00000000f0400000,0x00000000f0400000,0x00000000f4c80000)
 ParOldGen       total 218624K, used 70152K [0x00000000a0000000, 0x00000000ad580000, 0x00000000e0000000)
  object space 218624K, 32% used [0x00000000a0000000,0x00000000a44822a8,0x00000000ad580000)
 Metaspace       used 145264K, capacity 153462K, committed 156952K, reserved 1185792K
  class space    used 18236K, capacity 19700K, committed 20264K, reserved 1048576K
}
Event: 25274.995 GC heap before
{Heap before GC invocations=73 (full 11):
 PSYoungGen      total 257536K, used 206541K [0x00000000e0000000, 0x00000000f4c80000, 0x0000000100000000)
  eden space 180736K, 100% used [0x00000000e0000000,0x00000000eb080000,0x00000000eb080000)
  from space 76800K, 33% used [0x00000000eb080000,0x00000000ec9b3700,0x00000000efb80000)
  to   space 74240K, 0% used [0x00000000f0400000,0x00000000f0400000,0x00000000f4c80000)
 ParOldGen       total 218624K, used 70152K [0x00000000a0000000, 0x00000000ad580000, 0x00000000e0000000)
  object space 218624K, 32% used [0x00000000a0000000,0x00000000a44822a8,0x00000000ad580000)
 Metaspace       used 145283K, capacity 153462K, committed 156952K, reserved 1185792K
  class space    used 18237K, capacity 19700K, committed 20264K, reserved 1048576K
Event: 25275.023 GC heap after
Heap after GC invocations=73 (full 11):
 PSYoungGen      total 268800K, used 38372K [0x00000000e0000000, 0x00000000f4d80000, 0x0000000100000000)
  eden space 194560K, 0% used [0x00000000e0000000,0x00000000e0000000,0x00000000ebe00000)
  from space 74240K, 51% used [0x00000000f0400000,0x00000000f2979228,0x00000000f4c80000)
  to   space 71680K, 0% used [0x00000000ebe00000,0x00000000ebe00000,0x00000000f0400000)
 ParOldGen       total 218624K, used 70152K [0x00000000a0000000, 0x00000000ad580000, 0x00000000e0000000)
  object space 218624K, 32% used [0x00000000a0000000,0x00000000a44822a8,0x00000000ad580000)
 Metaspace       used 145283K, capacity 153462K, committed 156952K, reserved 1185792K
  class space    used 18237K, capacity 19700K, committed 20264K, reserved 1048576K
}
Event: 25306.810 GC heap before
{Heap before GC invocations=74 (full 11):
 PSYoungGen      total 268800K, used 232932K [0x00000000e0000000, 0x00000000f4d80000, 0x0000000100000000)
  eden space 194560K, 100% used [0x00000000e0000000,0x00000000ebe00000,0x00000000ebe00000)
  from space 74240K, 51% used [0x00000000f0400000,0x00000000f2979228,0x00000000f4c80000)
  to   space 71680K, 0% used [0x00000000ebe00000,0x00000000ebe00000,0x00000000f0400000)
 ParOldGen       total 218624K, used 70152K [0x00000000a0000000, 0x00000000ad580000, 0x00000000e0000000)
  object space 218624K, 32% used [0x00000000a0000000,0x00000000a44822a8,0x00000000ad580000)
 Metaspace       used 150399K, capacity 159026K, committed 161688K, reserved 1189888K
  class space    used 18680K, capacity 20226K, committed 20648K, reserved 1048576K
Event: 25306.847 GC heap after
Heap after GC invocations=74 (full 11):
 PSYoungGen      total 266240K, used 44984K [0x00000000e0000000, 0x00000000f5a00000, 0x0000000100000000)
  eden space 194560K, 0% used [0x00000000e0000000,0x00000000e0000000,0x00000000ebe00000)
  from space 71680K, 62% used [0x00000000ebe00000,0x00000000ee9ee1e0,0x00000000f0400000)
  to   space 72192K, 0% used [0x00000000f1380000,0x00000000f1380000,0x00000000f5a00000)
 ParOldGen       total 218624K, used 70160K [0x00000000a0000000, 0x00000000ad580000, 0x00000000e0000000)
  object space 218624K, 32% used [0x00000000a0000000,0x00000000a44842a8,0x00000000ad580000)
 Metaspace       used 150399K, capacity 159026K, committed 161688K, reserved 1189888K
  class space    used 18680K, capacity 20226K, committed 20648K, reserved 1048576K
}

