# JRE version: OpenJDK Runtime Environment (8.0_212-b04) (build 1.8.0_212-release-1586-b04)
# Java VM: OpenJDK 64-Bit Server VM (25.212-b04 mixed mode windows-amd64 compressed oops)
Heap:
 PSYoungGen      total 222208K, used 213880K [0x00000000e0000000, 0x00000000ef180000, 0x0000000100000000)
  eden space 203264K, 95% used [0x00000000e0000000,0x00000000ebe61a58,0x00000000ec680000)
  from space 18944K, 99% used [0x00000000ede00000,0x00000000ef07c658,0x00000000ef080000)
  to   space 22016K, 0% used [0x00000000ec680000,0x00000000ec680000,0x00000000edc00000)
 ParOldGen       total 124928K, used 38592K [0x00000000a0000000, 0x00000000a7a00000, 0x00000000e0000000)
  object space 124928K, 30% used [0x00000000a0000000,0x00000000a25b01d0,0x00000000a7a00000)
 Metaspace       used 71297K, capacity 73686K, committed 73816K, reserved 1114112K
  class space    used 9510K, capacity 10044K, committed 10112K, reserved 1048576K
GC Heap History (10 events):
Event: 14.873 GC heap before
{Heap before GC invocations=11 (full 2):
 PSYoungGen      total 131584K, used 10100K [0x00000000e0000000, 0x00000000ec480000, 0x0000000100000000)
  eden space 120832K, 0% used [0x00000000e0000000,0x00000000e0000000,0x00000000e7600000)
  from space 10752K, 93% used [0x00000000e7600000,0x00000000e7fdd088,0x00000000e8080000)
  to   space 11776K, 0% used [0x00000000eb900000,0x00000000eb900000,0x00000000ec480000)
 ParOldGen       total 55296K, used 11098K [0x00000000a0000000, 0x00000000a3600000, 0x00000000e0000000)
  object space 55296K, 20% used [0x00000000a0000000,0x00000000a0ad6ac8,0x00000000a3600000)
 Metaspace       used 34615K, capacity 35374K, committed 35456K, reserved 1079296K
  class space    used 4765K, capacity 4955K, committed 4992K, reserved 1048576K
Event: 14.976 GC heap after
Heap after GC invocations=11 (full 2):
 PSYoungGen      total 131584K, used 0K [0x00000000e0000000, 0x00000000ec480000, 0x0000000100000000)
  eden space 120832K, 0% used [0x00000000e0000000,0x00000000e0000000,0x00000000e7600000)
  from space 10752K, 0% used [0x00000000e7600000,0x00000000e7600000,0x00000000e8080000)
  to   space 11776K, 0% used [0x00000000eb900000,0x00000000eb900000,0x00000000ec480000)
 ParOldGen       total 79360K, used 17285K [0x00000000a0000000, 0x00000000a4d80000, 0x00000000e0000000)
  object space 79360K, 21% used [0x00000000a0000000,0x00000000a10e16d8,0x00000000a4d80000)
 Metaspace       used 34605K, capacity 35338K, committed 35456K, reserved 1079296K
  class space    used 4762K, capacity 4949K, committed 4992K, reserved 1048576K
}
Event: 16.664 GC heap before
{Heap before GC invocations=12 (full 2):
 PSYoungGen      total 131584K, used 120832K [0x00000000e0000000, 0x00000000ec480000, 0x0000000100000000)
  eden space 120832K, 100% used [0x00000000e0000000,0x00000000e7600000,0x00000000e7600000)
  from space 10752K, 0% used [0x00000000e7600000,0x00000000e7600000,0x00000000e8080000)
  to   space 11776K, 0% used [0x00000000eb900000,0x00000000eb900000,0x00000000ec480000)
 ParOldGen       total 79360K, used 17285K [0x00000000a0000000, 0x00000000a4d80000, 0x00000000e0000000)
  object space 79360K, 21% used [0x00000000a0000000,0x00000000a10e16d8,0x00000000a4d80000)
 Metaspace       used 45732K, capacity 46904K, committed 47232K, reserved 1089536K
  class space    used 6158K, capacity 6451K, committed 6528K, reserved 1048576K
Event: 16.683 GC heap after
Heap after GC invocations=12 (full 2):
 PSYoungGen      total 171008K, used 11758K [0x00000000e0000000, 0x00000000ec480000, 0x0000000100000000)
  eden space 159232K, 0% used [0x00000000e0000000,0x00000000e0000000,0x00000000e9b80000)
  from space 11776K, 99% used [0x00000000eb900000,0x00000000ec47ba78,0x00000000ec480000)
  to   space 14336K, 0% used [0x00000000ea880000,0x00000000ea880000,0x00000000eb680000)
 ParOldGen       total 79360K, used 21140K [0x00000000a0000000, 0x00000000a4d80000, 0x00000000e0000000)
  object space 79360K, 26% used [0x00000000a0000000,0x00000000a14a51f8,0x00000000a4d80000)
 Metaspace       used 45732K, capacity 46904K, committed 47232K, reserved 1089536K
  class space    used 6158K, capacity 6451K, committed 6528K, reserved 1048576K
}
Event: 19.708 GC heap before
{Heap before GC invocations=13 (full 2):
 PSYoungGen      total 171008K, used 145823K [0x00000000e0000000, 0x00000000ec480000, 0x0000000100000000)
  eden space 159232K, 84% used [0x00000000e0000000,0x00000000e82ec500,0x00000000e9b80000)
  from space 11776K, 99% used [0x00000000eb900000,0x00000000ec47ba78,0x00000000ec480000)
  to   space 14336K, 0% used [0x00000000ea880000,0x00000000ea880000,0x00000000eb680000)
 ParOldGen       total 79360K, used 21140K [0x00000000a0000000, 0x00000000a4d80000, 0x00000000e0000000)
  object space 79360K, 26% used [0x00000000a0000000,0x00000000a14a51f8,0x00000000a4d80000)
 Metaspace       used 57341K, capacity 58898K, committed 59096K, reserved 1099776K
  class space    used 7803K, capacity 8180K, committed 8192K, reserved 1048576K
Event: 19.739 GC heap after
Heap after GC invocations=13 (full 2):
 PSYoungGen      total 186880K, used 14305K [0x00000000e0000000, 0x00000000ef080000, 0x0000000100000000)
  eden space 172544K, 0% used [0x00000000e0000000,0x00000000e0000000,0x00000000ea880000)
  from space 14336K, 99% used [0x00000000ea880000,0x00000000eb6787e8,0x00000000eb680000)
  to   space 18944K, 0% used [0x00000000ede00000,0x00000000ede00000,0x00000000ef080000)
 ParOldGen       total 79360K, used 29209K [0x00000000a0000000, 0x00000000a4d80000, 0x00000000e0000000)
  object space 79360K, 36% used [0x00000000a0000000,0x00000000a1c86738,0x00000000a4d80000)
 Metaspace       used 57341K, capacity 58898K, committed 59096K, reserved 1099776K
  class space    used 7803K, capacity 8180K, committed 8192K, reserved 1048576K
}
Event: 19.739 GC heap before
{Heap before GC invocations=14 (full 3):
 PSYoungGen      total 186880K, used 14305K [0x00000000e0000000, 0x00000000ef080000, 0x0000000100000000)
  eden space 172544K, 0% used [0x00000000e0000000,0x00000000e0000000,0x00000000ea880000)
  from space 14336K, 99% used [0x00000000ea880000,0x00000000eb6787e8,0x00000000eb680000)
  to   space 18944K, 0% used [0x00000000ede00000,0x00000000ede00000,0x00000000ef080000)
 ParOldGen       total 79360K, used 29209K [0x00000000a0000000, 0x00000000a4d80000, 0x00000000e0000000)
  object space 79360K, 36% used [0x00000000a0000000,0x00000000a1c86738,0x00000000a4d80000)
 Metaspace       used 57341K, capacity 58898K, committed 59096K, reserved 1099776K
  class space    used 7803K, capacity 8180K, committed 8192K, reserved 1048576K
Event: 19.961 GC heap after
Heap after GC invocations=14 (full 3):
 PSYoungGen      total 186880K, used 0K [0x00000000e0000000, 0x00000000ef080000, 0x0000000100000000)
  eden space 172544K, 0% used [0x00000000e0000000,0x00000000e0000000,0x00000000ea880000)
  from space 14336K, 0% used [0x00000000ea880000,0x00000000ea880000,0x00000000eb680000)
  to   space 18944K, 0% used [0x00000000ede00000,0x00000000ede00000,0x00000000ef080000)
 ParOldGen       total 124928K, used 36869K [0x00000000a0000000, 0x00000000a7a00000, 0x00000000e0000000)
  object space 124928K, 29% used [0x00000000a0000000,0x00000000a24015e0,0x00000000a7a00000)
 Metaspace       used 57341K, capacity 58898K, committed 59096K, reserved 1099776K
  class space    used 7803K, capacity 8180K, committed 8192K, reserved 1048576K
}
Event: 31.423 GC heap before
{Heap before GC invocations=15 (full 3):
 PSYoungGen      total 186880K, used 172318K [0x00000000e0000000, 0x00000000ef080000, 0x0000000100000000)
  eden space 172544K, 99% used [0x00000000e0000000,0x00000000ea847900,0x00000000ea880000)
  from space 14336K, 0% used [0x00000000ea880000,0x00000000ea880000,0x00000000eb680000)
  to   space 18944K, 0% used [0x00000000ede00000,0x00000000ede00000,0x00000000ef080000)
 ParOldGen       total 124928K, used 36869K [0x00000000a0000000, 0x00000000a7a00000, 0x00000000e0000000)
  object space 124928K, 29% used [0x00000000a0000000,0x00000000a24015e0,0x00000000a7a00000)
 Metaspace       used 63692K, capacity 65628K, committed 65880K, reserved 1105920K
  class space    used 8505K, capacity 8967K, committed 9088K, reserved 1048576K
Event: 31.447 GC heap after
Heap after GC invocations=15 (full 3):
 PSYoungGen      total 222208K, used 18929K [0x00000000e0000000, 0x00000000ef180000, 0x0000000100000000)
  eden space 203264K, 0% used [0x00000000e0000000,0x00000000e0000000,0x00000000ec680000)
  from space 18944K, 99% used [0x00000000ede00000,0x00000000ef07c658,0x00000000ef080000)
  to   space 22016K, 0% used [0x00000000ec680000,0x00000000ec680000,0x00000000edc00000)
 ParOldGen       total 124928K, used 38592K [0x00000000a0000000, 0x00000000a7a00000, 0x00000000e0000000)
  object space 124928K, 30% used [0x00000000a0000000,0x00000000a25b01d0,0x00000000a7a00000)
 Metaspace       used 63692K, capacity 65628K, committed 65880K, reserved 1105920K
  class space    used 8505K, capacity 8967K, committed 9088K, reserved 1048576K
}

