# JRE version: OpenJDK Runtime Environment (8.0_212-b04) (build 1.8.0_212-release-1586-b04)
# Java VM: OpenJDK 64-Bit Server VM (25.212-b04 mixed mode windows-amd64 compressed oops)
Heap:
 PSYoungGen      total 156672K, used 102796K [0x00000000e0000000, 0x00000000eb700000, 0x0000000100000000)
  eden space 140288K, 72% used [0x00000000e0000000,0x00000000e6363368,0x00000000e8900000)
  from space 16384K, 6% used [0x00000000e8900000,0x00000000e8a00000,0x00000000e9900000)
  to   space 17408K, 0% used [0x00000000ea600000,0x00000000ea600000,0x00000000eb700000)
 ParOldGen       total 124416K, used 48706K [0x00000000a0000000, 0x00000000a7980000, 0x00000000e0000000)
  object space 124416K, 39% used [0x00000000a0000000,0x00000000a2f90be8,0x00000000a7980000)
 Metaspace       used 71834K, capacity 74214K, committed 74328K, reserved 1114112K
  class space    used 9554K, capacity 10086K, committed 10112K, reserved 1048576K
GC Heap History (10 events):
Event: 17.288 GC heap before
{Heap before GC invocations=16 (full 3):
 PSYoungGen      total 126464K, used 8373K [0x00000000e0000000, 0x00000000ea800000, 0x0000000100000000)
  eden space 113664K, 0% used [0x00000000e0000000,0x00000000e0000000,0x00000000e6f00000)
  from space 12800K, 65% used [0x00000000e6f00000,0x00000000e772d6c0,0x00000000e7b80000)
  to   space 12288K, 0% used [0x00000000e9c00000,0x00000000e9c00000,0x00000000ea800000)
 ParOldGen       total 81408K, used 29744K [0x00000000a0000000, 0x00000000a4f80000, 0x00000000e0000000)
  object space 81408K, 36% used [0x00000000a0000000,0x00000000a1d0c150,0x00000000a4f80000)
 Metaspace       used 57312K, capacity 58966K, committed 59096K, reserved 1099776K
  class space    used 7801K, capacity 8180K, committed 8192K, reserved 1048576K
Event: 17.622 GC heap after
Heap after GC invocations=16 (full 3):
 PSYoungGen      total 126464K, used 0K [0x00000000e0000000, 0x00000000ea800000, 0x0000000100000000)
  eden space 113664K, 0% used [0x00000000e0000000,0x00000000e0000000,0x00000000e6f00000)
  from space 12800K, 0% used [0x00000000e6f00000,0x00000000e6f00000,0x00000000e7b80000)
  to   space 12288K, 0% used [0x00000000e9c00000,0x00000000e9c00000,0x00000000ea800000)
 ParOldGen       total 124416K, used 32701K [0x00000000a0000000, 0x00000000a7980000, 0x00000000e0000000)
  object space 124416K, 26% used [0x00000000a0000000,0x00000000a1fef628,0x00000000a7980000)
 Metaspace       used 57312K, capacity 58966K, committed 59096K, reserved 1099776K
  class space    used 7801K, capacity 8180K, committed 8192K, reserved 1048576K
}
Event: 27.834 GC heap before
{Heap before GC invocations=17 (full 3):
 PSYoungGen      total 126464K, used 113664K [0x00000000e0000000, 0x00000000ea800000, 0x0000000100000000)
  eden space 113664K, 100% used [0x00000000e0000000,0x00000000e6f00000,0x00000000e6f00000)
  from space 12800K, 0% used [0x00000000e6f00000,0x00000000e6f00000,0x00000000e7b80000)
  to   space 12288K, 0% used [0x00000000e9c00000,0x00000000e9c00000,0x00000000ea800000)
 ParOldGen       total 124416K, used 32701K [0x00000000a0000000, 0x00000000a7980000, 0x00000000e0000000)
  object space 124416K, 26% used [0x00000000a0000000,0x00000000a1fef628,0x00000000a7980000)
 Metaspace       used 60854K, capacity 62746K, committed 62936K, reserved 1103872K
  class space    used 8211K, capacity 8622K, committed 8704K, reserved 1048576K
Event: 27.847 GC heap after
Heap after GC invocations=17 (full 3):
 PSYoungGen      total 140288K, used 12271K [0x00000000e0000000, 0x00000000ea800000, 0x0000000100000000)
  eden space 128000K, 0% used [0x00000000e0000000,0x00000000e0000000,0x00000000e7d00000)
  from space 12288K, 99% used [0x00000000e9c00000,0x00000000ea7fbd08,0x00000000ea800000)
  to   space 14336K, 0% used [0x00000000e8c00000,0x00000000e8c00000,0x00000000e9a00000)
 ParOldGen       total 124416K, used 34638K [0x00000000a0000000, 0x00000000a7980000, 0x00000000e0000000)
  object space 124416K, 27% used [0x00000000a0000000,0x00000000a21d3b08,0x00000000a7980000)
 Metaspace       used 60854K, capacity 62746K, committed 62936K, reserved 1103872K
  class space    used 8211K, capacity 8622K, committed 8704K, reserved 1048576K
}
Event: 38.110 GC heap before
{Heap before GC invocations=18 (full 3):
 PSYoungGen      total 140288K, used 140271K [0x00000000e0000000, 0x00000000ea800000, 0x0000000100000000)
  eden space 128000K, 100% used [0x00000000e0000000,0x00000000e7d00000,0x00000000e7d00000)
  from space 12288K, 99% used [0x00000000e9c00000,0x00000000ea7fbd08,0x00000000ea800000)
  to   space 14336K, 0% used [0x00000000e8c00000,0x00000000e8c00000,0x00000000e9a00000)
 ParOldGen       total 124416K, used 34638K [0x00000000a0000000, 0x00000000a7980000, 0x00000000e0000000)
  object space 124416K, 27% used [0x00000000a0000000,0x00000000a21d3b08,0x00000000a7980000)
 Metaspace       used 66270K, capacity 68338K, committed 68440K, reserved 1107968K
  class space    used 8828K, capacity 9310K, committed 9344K, reserved 1048576K
Event: 38.128 GC heap after
Heap after GC invocations=18 (full 3):
 PSYoungGen      total 152576K, used 10748K [0x00000000e0000000, 0x00000000ea780000, 0x0000000100000000)
  eden space 141824K, 0% used [0x00000000e0000000,0x00000000e0000000,0x00000000e8a80000)
  from space 10752K, 99% used [0x00000000e8c00000,0x00000000e967f040,0x00000000e9680000)
  to   space 14848K, 0% used [0x00000000e9900000,0x00000000e9900000,0x00000000ea780000)
 ParOldGen       total 124416K, used 38581K [0x00000000a0000000, 0x00000000a7980000, 0x00000000e0000000)
  object space 124416K, 31% used [0x00000000a0000000,0x00000000a25ad7e0,0x00000000a7980000)
 Metaspace       used 66270K, capacity 68338K, committed 68440K, reserved 1107968K
  class space    used 8828K, capacity 9310K, committed 9344K, reserved 1048576K
}
Event: 40.622 GC heap before
{Heap before GC invocations=19 (full 3):
 PSYoungGen      total 152576K, used 152572K [0x00000000e0000000, 0x00000000ea780000, 0x0000000100000000)
  eden space 141824K, 100% used [0x00000000e0000000,0x00000000e8a80000,0x00000000e8a80000)
  from space 10752K, 99% used [0x00000000e8c00000,0x00000000e967f040,0x00000000e9680000)
  to   space 14848K, 0% used [0x00000000e9900000,0x00000000e9900000,0x00000000ea780000)
 ParOldGen       total 124416K, used 38581K [0x00000000a0000000, 0x00000000a7980000, 0x00000000e0000000)
  object space 124416K, 31% used [0x00000000a0000000,0x00000000a25ad7e0,0x00000000a7980000)
 Metaspace       used 71492K, capacity 73790K, committed 74072K, reserved 1114112K
  class space    used 9511K, capacity 10040K, committed 10112K, reserved 1048576K
Event: 40.637 GC heap after
Heap after GC invocations=19 (full 3):
 PSYoungGen      total 155136K, used 14842K [0x00000000e0000000, 0x00000000eb980000, 0x0000000100000000)
  eden space 140288K, 0% used [0x00000000e0000000,0x00000000e0000000,0x00000000e8900000)
  from space 14848K, 99% used [0x00000000e9900000,0x00000000ea77ea88,0x00000000ea780000)
  to   space 16384K, 0% used [0x00000000e8900000,0x00000000e8900000,0x00000000e9900000)
 ParOldGen       total 124416K, used 38605K [0x00000000a0000000, 0x00000000a7980000, 0x00000000e0000000)
  object space 124416K, 31% used [0x00000000a0000000,0x00000000a25b37e0,0x00000000a7980000)
 Metaspace       used 71492K, capacity 73790K, committed 74072K, reserved 1114112K
  class space    used 9511K, capacity 10040K, committed 10112K, reserved 1048576K
}
Event: 42.315 GC heap before
{Heap before GC invocations=20 (full 3):
 PSYoungGen      total 155136K, used 155130K [0x00000000e0000000, 0x00000000eb980000, 0x0000000100000000)
  eden space 140288K, 100% used [0x00000000e0000000,0x00000000e8900000,0x00000000e8900000)
  from space 14848K, 99% used [0x00000000e9900000,0x00000000ea77ea88,0x00000000ea780000)
  to   space 16384K, 0% used [0x00000000e8900000,0x00000000e8900000,0x00000000e9900000)
 ParOldGen       total 124416K, used 38605K [0x00000000a0000000, 0x00000000a7980000, 0x00000000e0000000)
  object space 124416K, 31% used [0x00000000a0000000,0x00000000a25b37e0,0x00000000a7980000)
 Metaspace       used 71667K, capacity 74054K, committed 74328K, reserved 1114112K
  class space    used 9527K, capacity 10080K, committed 10112K, reserved 1048576K
Event: 42.338 GC heap after
Heap after GC invocations=20 (full 3):
 PSYoungGen      total 156672K, used 1024K [0x00000000e0000000, 0x00000000eb700000, 0x0000000100000000)
  eden space 140288K, 0% used [0x00000000e0000000,0x00000000e0000000,0x00000000e8900000)
  from space 16384K, 6% used [0x00000000e8900000,0x00000000e8a00000,0x00000000e9900000)
  to   space 17408K, 0% used [0x00000000ea600000,0x00000000ea600000,0x00000000eb700000)
 ParOldGen       total 124416K, used 48706K [0x00000000a0000000, 0x00000000a7980000, 0x00000000e0000000)
  object space 124416K, 39% used [0x00000000a0000000,0x00000000a2f90be8,0x00000000a7980000)
 Metaspace       used 71667K, capacity 74054K, committed 74328K, reserved 1114112K
  class space    used 9527K, capacity 10080K, committed 10112K, reserved 1048576K
}

