# JRE version: OpenJDK Runtime Environment (8.0_212-b04) (build 1.8.0_212-release-1586-b04)
# Java VM: OpenJDK 64-Bit Server VM (25.212-b04 mixed mode windows-amd64 compressed oops)
Heap:
 PSYoungGen      total 43008K, used 12987K [0x00000000e0000000, 0x00000000e4800000, 0x0000000100000000)
  eden space 32256K, 25% used [0x00000000e0000000,0x00000000e07eca80,0x00000000e1f80000)
  from space 10752K, 45% used [0x00000000e1f80000,0x00000000e24421d0,0x00000000e2a00000)
  to   space 10240K, 0% used [0x00000000e3e00000,0x00000000e3e00000,0x00000000e4800000)
 ParOldGen       total 58880K, used 8692K [0x00000000a0000000, 0x00000000a3980000, 0x00000000e0000000)
  object space 58880K, 14% used [0x00000000a0000000,0x00000000a087d278,0x00000000a3980000)
 Metaspace       used 26447K, capacity 27012K, committed 27264K, reserved 1073152K
  class space    used 3684K, capacity 3853K, committed 3968K, reserved 1048576K
GC Heap History (10 events):
Event: 5.124 GC heap before
{Heap before GC invocations=4 (full 0):
 PSYoungGen      total 38400K, used 38395K [0x00000000e0000000, 0x00000000e2a80000, 0x0000000100000000)
  eden space 33280K, 100% used [0x00000000e0000000,0x00000000e2080000,0x00000000e2080000)
  from space 5120K, 99% used [0x00000000e2080000,0x00000000e257ee78,0x00000000e2580000)
  to   space 5120K, 0% used [0x00000000e2580000,0x00000000e2580000,0x00000000e2a80000)
 ParOldGen       total 87552K, used 2518K [0x00000000a0000000, 0x00000000a5580000, 0x00000000e0000000)
  object space 87552K, 2% used [0x00000000a0000000,0x00000000a0275940,0x00000000a5580000)
 Metaspace       used 17312K, capacity 17722K, committed 18048K, reserved 1064960K
  class space    used 2483K, capacity 2613K, committed 2688K, reserved 1048576K
Event: 5.136 GC heap after
Heap after GC invocations=4 (full 0):
 PSYoungGen      total 38400K, used 5096K [0x00000000e0000000, 0x00000000e2a80000, 0x0000000100000000)
  eden space 33280K, 0% used [0x00000000e0000000,0x00000000e0000000,0x00000000e2080000)
  from space 5120K, 99% used [0x00000000e2580000,0x00000000e2a7a040,0x00000000e2a80000)
  to   space 5120K, 0% used [0x00000000e2080000,0x00000000e2080000,0x00000000e2580000)
 ParOldGen       total 87552K, used 5987K [0x00000000a0000000, 0x00000000a5580000, 0x00000000e0000000)
  object space 87552K, 6% used [0x00000000a0000000,0x00000000a05d8ee8,0x00000000a5580000)
 Metaspace       used 17312K, capacity 17722K, committed 18048K, reserved 1064960K
  class space    used 2483K, capacity 2613K, committed 2688K, reserved 1048576K
}
Event: 5.782 GC heap before
{Heap before GC invocations=5 (full 0):
 PSYoungGen      total 38400K, used 26627K [0x00000000e0000000, 0x00000000e2a80000, 0x0000000100000000)
  eden space 33280K, 64% used [0x00000000e0000000,0x00000000e1506eb0,0x00000000e2080000)
  from space 5120K, 99% used [0x00000000e2580000,0x00000000e2a7a040,0x00000000e2a80000)
  to   space 5120K, 0% used [0x00000000e2080000,0x00000000e2080000,0x00000000e2580000)
 ParOldGen       total 87552K, used 5987K [0x00000000a0000000, 0x00000000a5580000, 0x00000000e0000000)
  object space 87552K, 6% used [0x00000000a0000000,0x00000000a05d8ee8,0x00000000a5580000)
 Metaspace       used 20706K, capacity 21146K, committed 21248K, reserved 1067008K
  class space    used 2889K, capacity 3016K, committed 3072K, reserved 1048576K
Event: 5.786 GC heap after
Heap after GC invocations=5 (full 0):
 PSYoungGen      total 37888K, used 5100K [0x00000000e0000000, 0x00000000e3400000, 0x0000000100000000)
  eden space 32768K, 0% used [0x00000000e0000000,0x00000000e0000000,0x00000000e2000000)
  from space 5120K, 99% used [0x00000000e2080000,0x00000000e257b090,0x00000000e2580000)
  to   space 10240K, 0% used [0x00000000e2a00000,0x00000000e2a00000,0x00000000e3400000)
 ParOldGen       total 87552K, used 9008K [0x00000000a0000000, 0x00000000a5580000, 0x00000000e0000000)
  object space 87552K, 10% used [0x00000000a0000000,0x00000000a08cc210,0x00000000a5580000)
 Metaspace       used 20706K, capacity 21146K, committed 21248K, reserved 1067008K
  class space    used 2889K, capacity 3016K, committed 3072K, reserved 1048576K
}
Event: 5.786 GC heap before
{Heap before GC invocations=6 (full 1):
 PSYoungGen      total 37888K, used 5100K [0x00000000e0000000, 0x00000000e3400000, 0x0000000100000000)
  eden space 32768K, 0% used [0x00000000e0000000,0x00000000e0000000,0x00000000e2000000)
  from space 5120K, 99% used [0x00000000e2080000,0x00000000e257b090,0x00000000e2580000)
  to   space 10240K, 0% used [0x00000000e2a00000,0x00000000e2a00000,0x00000000e3400000)
 ParOldGen       total 87552K, used 9008K [0x00000000a0000000, 0x00000000a5580000, 0x00000000e0000000)
  object space 87552K, 10% used [0x00000000a0000000,0x00000000a08cc210,0x00000000a5580000)
 Metaspace       used 20706K, capacity 21146K, committed 21248K, reserved 1067008K
  class space    used 2889K, capacity 3016K, committed 3072K, reserved 1048576K
Event: 5.814 GC heap after
Heap after GC invocations=6 (full 1):
 PSYoungGen      total 37888K, used 0K [0x00000000e0000000, 0x00000000e3400000, 0x0000000100000000)
  eden space 32768K, 0% used [0x00000000e0000000,0x00000000e0000000,0x00000000e2000000)
  from space 5120K, 0% used [0x00000000e2080000,0x00000000e2080000,0x00000000e2580000)
  to   space 10240K, 0% used [0x00000000e2a00000,0x00000000e2a00000,0x00000000e3400000)
 ParOldGen       total 58880K, used 8676K [0x00000000a0000000, 0x00000000a3980000, 0x00000000e0000000)
  object space 58880K, 14% used [0x00000000a0000000,0x00000000a0879278,0x00000000a3980000)
 Metaspace       used 20706K, capacity 21146K, committed 21248K, reserved 1067008K
  class space    used 2889K, capacity 3016K, committed 3072K, reserved 1048576K
}
Event: 6.166 GC heap before
{Heap before GC invocations=7 (full 1):
 PSYoungGen      total 37888K, used 32768K [0x00000000e0000000, 0x00000000e3400000, 0x0000000100000000)
  eden space 32768K, 100% used [0x00000000e0000000,0x00000000e2000000,0x00000000e2000000)
  from space 5120K, 0% used [0x00000000e2080000,0x00000000e2080000,0x00000000e2580000)
  to   space 10240K, 0% used [0x00000000e2a00000,0x00000000e2a00000,0x00000000e3400000)
 ParOldGen       total 58880K, used 8676K [0x00000000a0000000, 0x00000000a3980000, 0x00000000e0000000)
  object space 58880K, 14% used [0x00000000a0000000,0x00000000a0879278,0x00000000a3980000)
 Metaspace       used 23957K, capacity 24402K, committed 24448K, reserved 1071104K
  class space    used 3288K, capacity 3440K, committed 3456K, reserved 1048576K
Event: 6.169 GC heap after
Heap after GC invocations=7 (full 1):
 PSYoungGen      total 42496K, used 3478K [0x00000000e0000000, 0x00000000e4980000, 0x0000000100000000)
  eden space 32256K, 0% used [0x00000000e0000000,0x00000000e0000000,0x00000000e1f80000)
  from space 10240K, 33% used [0x00000000e2a00000,0x00000000e2d65bd8,0x00000000e3400000)
  to   space 10752K, 0% used [0x00000000e1f80000,0x00000000e1f80000,0x00000000e2a00000)
 ParOldGen       total 58880K, used 8684K [0x00000000a0000000, 0x00000000a3980000, 0x00000000e0000000)
  object space 58880K, 14% used [0x00000000a0000000,0x00000000a087b278,0x00000000a3980000)
 Metaspace       used 23957K, capacity 24402K, committed 24448K, reserved 1071104K
  class space    used 3288K, capacity 3440K, committed 3456K, reserved 1048576K
}
Event: 6.558 GC heap before
{Heap before GC invocations=8 (full 1):
 PSYoungGen      total 42496K, used 35734K [0x00000000e0000000, 0x00000000e4980000, 0x0000000100000000)
  eden space 32256K, 100% used [0x00000000e0000000,0x00000000e1f80000,0x00000000e1f80000)
  from space 10240K, 33% used [0x00000000e2a00000,0x00000000e2d65bd8,0x00000000e3400000)
  to   space 10752K, 0% used [0x00000000e1f80000,0x00000000e1f80000,0x00000000e2a00000)
 ParOldGen       total 58880K, used 8684K [0x00000000a0000000, 0x00000000a3980000, 0x00000000e0000000)
  object space 58880K, 14% used [0x00000000a0000000,0x00000000a087b278,0x00000000a3980000)
 Metaspace       used 26130K, capacity 26582K, committed 26880K, reserved 1073152K
  class space    used 3640K, capacity 3800K, committed 3840K, reserved 1048576K
Event: 6.562 GC heap after
Heap after GC invocations=8 (full 1):
 PSYoungGen      total 43008K, used 4872K [0x00000000e0000000, 0x00000000e4800000, 0x0000000100000000)
  eden space 32256K, 0% used [0x00000000e0000000,0x00000000e0000000,0x00000000e1f80000)
  from space 10752K, 45% used [0x00000000e1f80000,0x00000000e24421d0,0x00000000e2a00000)
  to   space 10240K, 0% used [0x00000000e3e00000,0x00000000e3e00000,0x00000000e4800000)
 ParOldGen       total 58880K, used 8692K [0x00000000a0000000, 0x00000000a3980000, 0x00000000e0000000)
  object space 58880K, 14% used [0x00000000a0000000,0x00000000a087d278,0x00000000a3980000)
 Metaspace       used 26130K, capacity 26582K, committed 26880K, reserved 1073152K
  class space    used 3640K, capacity 3800K, committed 3840K, reserved 1048576K
}

