# JRE version: OpenJDK Runtime Environment (8.0_212-b04) (build 1.8.0_212-release-1586-b04)
# Java VM: OpenJDK 64-Bit Server VM (25.212-b04 mixed mode windows-amd64 compressed oops)
Heap:
 PSYoungGen      total 93696K, used 74259K [0x00000000e0000000, 0x00000000e6680000, 0x0000000100000000)
  eden space 84480K, 87% used [0x00000000e0000000,0x00000000e4884eb8,0x00000000e5280000)
  from space 9216K, 0% used [0x00000000e5d80000,0x00000000e5d80000,0x00000000e6680000)
  to   space 10240K, 0% used [0x00000000e5280000,0x00000000e5280000,0x00000000e5c80000)
 ParOldGen       total 56320K, used 17888K [0x00000000a0000000, 0x00000000a3700000, 0x00000000e0000000)
  object space 56320K, 31% used [0x00000000a0000000,0x00000000a1178300,0x00000000a3700000)
 Metaspace       used 43018K, capacity 43880K, committed 43944K, reserved 1087488K
  class space    used 5816K, capacity 6056K, committed 6056K, reserved 1048576K
GC Heap History (10 events):
Event: 8.789 GC heap before
{Heap before GC invocations=8 (full 1):
 PSYoungGen      total 44032K, used 33280K [0x00000000e0000000, 0x00000000e5400000, 0x0000000100000000)
  eden space 33280K, 100% used [0x00000000e0000000,0x00000000e2080000,0x00000000e2080000)
  from space 10752K, 0% used [0x00000000e2a80000,0x00000000e2a80000,0x00000000e3500000)
  to   space 10240K, 0% used [0x00000000e2080000,0x00000000e2080000,0x00000000e2a80000)
 ParOldGen       total 56320K, used 11078K [0x00000000a0000000, 0x00000000a3700000, 0x00000000e0000000)
  object space 56320K, 19% used [0x00000000a0000000,0x00000000a0ad18e8,0x00000000a3700000)
 Metaspace       used 26115K, capacity 26674K, committed 26752K, reserved 1073152K
  class space    used 3524K, capacity 3702K, committed 3712K, reserved 1048576K
Event: 8.793 GC heap after
Heap after GC invocations=8 (full 1):
 PSYoungGen      total 43520K, used 4832K [0x00000000e0000000, 0x00000000e4d80000, 0x0000000100000000)
  eden space 33280K, 0% used [0x00000000e0000000,0x00000000e0000000,0x00000000e2080000)
  from space 10240K, 47% used [0x00000000e2080000,0x00000000e2538370,0x00000000e2a80000)
  to   space 10240K, 0% used [0x00000000e4380000,0x00000000e4380000,0x00000000e4d80000)
 ParOldGen       total 56320K, used 11086K [0x00000000a0000000, 0x00000000a3700000, 0x00000000e0000000)
  object space 56320K, 19% used [0x00000000a0000000,0x00000000a0ad38e8,0x00000000a3700000)
 Metaspace       used 26115K, capacity 26674K, committed 26752K, reserved 1073152K
  class space    used 3524K, capacity 3702K, committed 3712K, reserved 1048576K
}
Event: 9.338 GC heap before
{Heap before GC invocations=9 (full 1):
 PSYoungGen      total 43520K, used 38112K [0x00000000e0000000, 0x00000000e4d80000, 0x0000000100000000)
  eden space 33280K, 100% used [0x00000000e0000000,0x00000000e2080000,0x00000000e2080000)
  from space 10240K, 47% used [0x00000000e2080000,0x00000000e2538370,0x00000000e2a80000)
  to   space 10240K, 0% used [0x00000000e4380000,0x00000000e4380000,0x00000000e4d80000)
 ParOldGen       total 56320K, used 11086K [0x00000000a0000000, 0x00000000a3700000, 0x00000000e0000000)
  object space 56320K, 19% used [0x00000000a0000000,0x00000000a0ad38e8,0x00000000a3700000)
 Metaspace       used 29037K, capacity 29598K, committed 29952K, reserved 1075200K
  class space    used 3920K, capacity 4095K, committed 4096K, reserved 1048576K
Event: 9.351 GC heap after
Heap after GC invocations=9 (full 1):
 PSYoungGen      total 69120K, used 5785K [0x00000000e0000000, 0x00000000e4e00000, 0x0000000100000000)
  eden space 58880K, 0% used [0x00000000e0000000,0x00000000e0000000,0x00000000e3980000)
  from space 10240K, 56% used [0x00000000e4380000,0x00000000e49265c0,0x00000000e4d80000)
  to   space 10240K, 0% used [0x00000000e3980000,0x00000000e3980000,0x00000000e4380000)
 ParOldGen       total 56320K, used 11094K [0x00000000a0000000, 0x00000000a3700000, 0x00000000e0000000)
  object space 56320K, 19% used [0x00000000a0000000,0x00000000a0ad58e8,0x00000000a3700000)
 Metaspace       used 29037K, capacity 29598K, committed 29952K, reserved 1075200K
  class space    used 3920K, capacity 4095K, committed 4096K, reserved 1048576K
}
Event: 10.423 GC heap before
{Heap before GC invocations=10 (full 1):
 PSYoungGen      total 69120K, used 64665K [0x00000000e0000000, 0x00000000e4e00000, 0x0000000100000000)
  eden space 58880K, 100% used [0x00000000e0000000,0x00000000e3980000,0x00000000e3980000)
  from space 10240K, 56% used [0x00000000e4380000,0x00000000e49265c0,0x00000000e4d80000)
  to   space 10240K, 0% used [0x00000000e3980000,0x00000000e3980000,0x00000000e4380000)
 ParOldGen       total 56320K, used 11094K [0x00000000a0000000, 0x00000000a3700000, 0x00000000e0000000)
  object space 56320K, 19% used [0x00000000a0000000,0x00000000a0ad58e8,0x00000000a3700000)
 Metaspace       used 31977K, capacity 32536K, committed 32768K, reserved 1077248K
  class space    used 4412K, capacity 4585K, committed 4608K, reserved 1048576K
Event: 10.431 GC heap after
Heap after GC invocations=10 (full 1):
 PSYoungGen      total 69120K, used 8145K [0x00000000e0000000, 0x00000000e6780000, 0x0000000100000000)
  eden space 58880K, 0% used [0x00000000e0000000,0x00000000e0000000,0x00000000e3980000)
  from space 10240K, 79% used [0x00000000e3980000,0x00000000e41744f0,0x00000000e4380000)
  to   space 10240K, 0% used [0x00000000e5d80000,0x00000000e5d80000,0x00000000e6780000)
 ParOldGen       total 56320K, used 11102K [0x00000000a0000000, 0x00000000a3700000, 0x00000000e0000000)
  object space 56320K, 19% used [0x00000000a0000000,0x00000000a0ad78e8,0x00000000a3700000)
 Metaspace       used 31977K, capacity 32536K, committed 32768K, reserved 1077248K
  class space    used 4412K, capacity 4585K, committed 4608K, reserved 1048576K
}
Event: 11.837 GC heap before
{Heap before GC invocations=11 (full 1):
 PSYoungGen      total 69120K, used 62580K [0x00000000e0000000, 0x00000000e6780000, 0x0000000100000000)
  eden space 58880K, 92% used [0x00000000e0000000,0x00000000e3528c58,0x00000000e3980000)
  from space 10240K, 79% used [0x00000000e3980000,0x00000000e41744f0,0x00000000e4380000)
  to   space 10240K, 0% used [0x00000000e5d80000,0x00000000e5d80000,0x00000000e6780000)
 ParOldGen       total 56320K, used 11102K [0x00000000a0000000, 0x00000000a3700000, 0x00000000e0000000)
  object space 56320K, 19% used [0x00000000a0000000,0x00000000a0ad78e8,0x00000000a3700000)
 Metaspace       used 34667K, capacity 35430K, committed 35496K, reserved 1079296K
  class space    used 4777K, capacity 4996K, committed 5032K, reserved 1048576K
Event: 11.848 GC heap after
Heap after GC invocations=11 (full 1):
 PSYoungGen      total 93696K, used 7478K [0x00000000e0000000, 0x00000000e6680000, 0x0000000100000000)
  eden space 84480K, 0% used [0x00000000e0000000,0x00000000e0000000,0x00000000e5280000)
  from space 9216K, 81% used [0x00000000e5d80000,0x00000000e64cd820,0x00000000e6680000)
  to   space 10240K, 0% used [0x00000000e5280000,0x00000000e5280000,0x00000000e5c80000)
 ParOldGen       total 56320K, used 14370K [0x00000000a0000000, 0x00000000a3700000, 0x00000000e0000000)
  object space 56320K, 25% used [0x00000000a0000000,0x00000000a0e08908,0x00000000a3700000)
 Metaspace       used 34667K, capacity 35430K, committed 35496K, reserved 1079296K
  class space    used 4777K, capacity 4996K, committed 5032K, reserved 1048576K
}
Event: 11.848 GC heap before
{Heap before GC invocations=12 (full 2):
 PSYoungGen      total 93696K, used 7478K [0x00000000e0000000, 0x00000000e6680000, 0x0000000100000000)
  eden space 84480K, 0% used [0x00000000e0000000,0x00000000e0000000,0x00000000e5280000)
  from space 9216K, 81% used [0x00000000e5d80000,0x00000000e64cd820,0x00000000e6680000)
  to   space 10240K, 0% used [0x00000000e5280000,0x00000000e5280000,0x00000000e5c80000)
 ParOldGen       total 56320K, used 14370K [0x00000000a0000000, 0x00000000a3700000, 0x00000000e0000000)
  object space 56320K, 25% used [0x00000000a0000000,0x00000000a0e08908,0x00000000a3700000)
 Metaspace       used 34667K, capacity 35430K, committed 35496K, reserved 1079296K
  class space    used 4777K, capacity 4996K, committed 5032K, reserved 1048576K
Event: 11.927 GC heap after
Heap after GC invocations=12 (full 2):
 PSYoungGen      total 93696K, used 0K [0x00000000e0000000, 0x00000000e6680000, 0x0000000100000000)
  eden space 84480K, 0% used [0x00000000e0000000,0x00000000e0000000,0x00000000e5280000)
  from space 9216K, 0% used [0x00000000e5d80000,0x00000000e5d80000,0x00000000e6680000)
  to   space 10240K, 0% used [0x00000000e5280000,0x00000000e5280000,0x00000000e5c80000)
 ParOldGen       total 56320K, used 17888K [0x00000000a0000000, 0x00000000a3700000, 0x00000000e0000000)
  object space 56320K, 31% used [0x00000000a0000000,0x00000000a1178300,0x00000000a3700000)
 Metaspace       used 34651K, capacity 35376K, committed 35496K, reserved 1079296K
  class space    used 4772K, capacity 4987K, committed 5032K, reserved 1048576K
}

