# JRE version: OpenJDK Runtime Environment (8.0_212-b04) (build 1.8.0_212-release-1586-b04)
# Java VM: OpenJDK 64-Bit Server VM (25.212-b04 mixed mode windows-amd64 compressed oops)
Heap:
 PSYoungGen      total 209920K, used 48340K [0x00000000e0000000, 0x00000000eea80000, 0x0000000100000000)
  eden space 191488K, 15% used [0x00000000e0000000,0x00000000e1d69220,0x00000000ebb00000)
  from space 18432K, 98% used [0x00000000ed880000,0x00000000eea4c0c0,0x00000000eea80000)
  to   space 20992K, 0% used [0x00000000ec180000,0x00000000ec180000,0x00000000ed600000)
 ParOldGen       total 129024K, used 37048K [0x00000000a0000000, 0x00000000a7e00000, 0x00000000e0000000)
  object space 129024K, 28% used [0x00000000a0000000,0x00000000a242e000,0x00000000a7e00000)
 Metaspace       used 63888K, capacity 65848K, committed 66136K, reserved 1105920K
  class space    used 8528K, capacity 8981K, committed 9088K, reserved 1048576K
GC Heap History (10 events):
Event: 9.420 GC heap before
{Heap before GC invocations=11 (full 2):
 PSYoungGen      total 128000K, used 10319K [0x00000000e0000000, 0x00000000ebb80000, 0x0000000100000000)
  eden space 117248K, 0% used [0x00000000e0000000,0x00000000e0000000,0x00000000e7280000)
  from space 10752K, 95% used [0x00000000e7280000,0x00000000e7c93cd0,0x00000000e7d00000)
  to   space 11776K, 0% used [0x00000000eb000000,0x00000000eb000000,0x00000000ebb80000)
 ParOldGen       total 56832K, used 11116K [0x00000000a0000000, 0x00000000a3780000, 0x00000000e0000000)
  object space 56832K, 19% used [0x00000000a0000000,0x00000000a0adb1f8,0x00000000a3780000)
 Metaspace       used 34637K, capacity 35376K, committed 35456K, reserved 1079296K
  class space    used 4773K, capacity 4987K, committed 4992K, reserved 1048576K
Event: 9.482 GC heap after
Heap after GC invocations=11 (full 2):
 PSYoungGen      total 128000K, used 0K [0x00000000e0000000, 0x00000000ebb80000, 0x0000000100000000)
  eden space 117248K, 0% used [0x00000000e0000000,0x00000000e0000000,0x00000000e7280000)
  from space 10752K, 0% used [0x00000000e7280000,0x00000000e7280000,0x00000000e7d00000)
  to   space 11776K, 0% used [0x00000000eb000000,0x00000000eb000000,0x00000000ebb80000)
 ParOldGen       total 81920K, used 17443K [0x00000000a0000000, 0x00000000a5000000, 0x00000000e0000000)
  object space 81920K, 21% used [0x00000000a0000000,0x00000000a1108cc8,0x00000000a5000000)
 Metaspace       used 34637K, capacity 35376K, committed 35456K, reserved 1079296K
  class space    used 4773K, capacity 4987K, committed 4992K, reserved 1048576K
}
Event: 10.808 GC heap before
{Heap before GC invocations=12 (full 2):
 PSYoungGen      total 128000K, used 117248K [0x00000000e0000000, 0x00000000ebb80000, 0x0000000100000000)
  eden space 117248K, 100% used [0x00000000e0000000,0x00000000e7280000,0x00000000e7280000)
  from space 10752K, 0% used [0x00000000e7280000,0x00000000e7280000,0x00000000e7d00000)
  to   space 11776K, 0% used [0x00000000eb000000,0x00000000eb000000,0x00000000ebb80000)
 ParOldGen       total 81920K, used 17443K [0x00000000a0000000, 0x00000000a5000000, 0x00000000e0000000)
  object space 81920K, 21% used [0x00000000a0000000,0x00000000a1108cc8,0x00000000a5000000)
 Metaspace       used 45366K, capacity 46512K, committed 46720K, reserved 1089536K
  class space    used 6112K, capacity 6411K, committed 6528K, reserved 1048576K
Event: 10.827 GC heap after
Heap after GC invocations=12 (full 2):
 PSYoungGen      total 165888K, used 11752K [0x00000000e0000000, 0x00000000ebb80000, 0x0000000100000000)
  eden space 154112K, 0% used [0x00000000e0000000,0x00000000e0000000,0x00000000e9680000)
  from space 11776K, 99% used [0x00000000eb000000,0x00000000ebb7a2b8,0x00000000ebb80000)
  to   space 14336K, 0% used [0x00000000e9f80000,0x00000000e9f80000,0x00000000ead80000)
 ParOldGen       total 81920K, used 20821K [0x00000000a0000000, 0x00000000a5000000, 0x00000000e0000000)
  object space 81920K, 25% used [0x00000000a0000000,0x00000000a14555b8,0x00000000a5000000)
 Metaspace       used 45366K, capacity 46512K, committed 46720K, reserved 1089536K
  class space    used 6112K, capacity 6411K, committed 6528K, reserved 1048576K
}
Event: 12.372 GC heap before
{Heap before GC invocations=13 (full 2):
 PSYoungGen      total 165888K, used 147327K [0x00000000e0000000, 0x00000000ebb80000, 0x0000000100000000)
  eden space 154112K, 87% used [0x00000000e0000000,0x00000000e8465a18,0x00000000e9680000)
  from space 11776K, 99% used [0x00000000eb000000,0x00000000ebb7a2b8,0x00000000ebb80000)
  to   space 14336K, 0% used [0x00000000e9f80000,0x00000000e9f80000,0x00000000ead80000)
 ParOldGen       total 81920K, used 20821K [0x00000000a0000000, 0x00000000a5000000, 0x00000000e0000000)
  object space 81920K, 25% used [0x00000000a0000000,0x00000000a14555b8,0x00000000a5000000)
 Metaspace       used 57258K, capacity 58906K, committed 59096K, reserved 1099776K
  class space    used 7794K, capacity 8180K, committed 8192K, reserved 1048576K
Event: 12.394 GC heap after
Heap after GC invocations=13 (full 2):
 PSYoungGen      total 177664K, used 14332K [0x00000000e0000000, 0x00000000eeb00000, 0x0000000100000000)
  eden space 163328K, 0% used [0x00000000e0000000,0x00000000e0000000,0x00000000e9f80000)
  from space 14336K, 99% used [0x00000000e9f80000,0x00000000ead7f170,0x00000000ead80000)
  to   space 18944K, 0% used [0x00000000ed880000,0x00000000ed880000,0x00000000eeb00000)
 ParOldGen       total 81920K, used 29084K [0x00000000a0000000, 0x00000000a5000000, 0x00000000e0000000)
  object space 81920K, 35% used [0x00000000a0000000,0x00000000a1c67200,0x00000000a5000000)
 Metaspace       used 57258K, capacity 58906K, committed 59096K, reserved 1099776K
  class space    used 7794K, capacity 8180K, committed 8192K, reserved 1048576K
}
Event: 12.394 GC heap before
{Heap before GC invocations=14 (full 3):
 PSYoungGen      total 177664K, used 14332K [0x00000000e0000000, 0x00000000eeb00000, 0x0000000100000000)
  eden space 163328K, 0% used [0x00000000e0000000,0x00000000e0000000,0x00000000e9f80000)
  from space 14336K, 99% used [0x00000000e9f80000,0x00000000ead7f170,0x00000000ead80000)
  to   space 18944K, 0% used [0x00000000ed880000,0x00000000ed880000,0x00000000eeb00000)
 ParOldGen       total 81920K, used 29084K [0x00000000a0000000, 0x00000000a5000000, 0x00000000e0000000)
  object space 81920K, 35% used [0x00000000a0000000,0x00000000a1c67200,0x00000000a5000000)
 Metaspace       used 57258K, capacity 58906K, committed 59096K, reserved 1099776K
  class space    used 7794K, capacity 8180K, committed 8192K, reserved 1048576K
Event: 12.564 GC heap after
Heap after GC invocations=14 (full 3):
 PSYoungGen      total 177664K, used 0K [0x00000000e0000000, 0x00000000eeb00000, 0x0000000100000000)
  eden space 163328K, 0% used [0x00000000e0000000,0x00000000e0000000,0x00000000e9f80000)
  from space 14336K, 0% used [0x00000000e9f80000,0x00000000e9f80000,0x00000000ead80000)
  to   space 18944K, 0% used [0x00000000ed880000,0x00000000ed880000,0x00000000eeb00000)
 ParOldGen       total 129024K, used 37040K [0x00000000a0000000, 0x00000000a7e00000, 0x00000000e0000000)
  object space 129024K, 28% used [0x00000000a0000000,0x00000000a242c000,0x00000000a7e00000)
 Metaspace       used 57258K, capacity 58906K, committed 59096K, reserved 1099776K
  class space    used 7794K, capacity 8180K, committed 8192K, reserved 1048576K
}
Event: 20.311 GC heap before
{Heap before GC invocations=15 (full 3):
 PSYoungGen      total 177664K, used 163328K [0x00000000e0000000, 0x00000000eeb00000, 0x0000000100000000)
  eden space 163328K, 100% used [0x00000000e0000000,0x00000000e9f80000,0x00000000e9f80000)
  from space 14336K, 0% used [0x00000000e9f80000,0x00000000e9f80000,0x00000000ead80000)
  to   space 18944K, 0% used [0x00000000ed880000,0x00000000ed880000,0x00000000eeb00000)
 ParOldGen       total 129024K, used 37040K [0x00000000a0000000, 0x00000000a7e00000, 0x00000000e0000000)
  object space 129024K, 28% used [0x00000000a0000000,0x00000000a242c000,0x00000000a7e00000)
 Metaspace       used 63637K, capacity 65630K, committed 65880K, reserved 1105920K
  class space    used 8501K, capacity 8966K, committed 9088K, reserved 1048576K
Event: 20.327 GC heap after
Heap after GC invocations=15 (full 3):
 PSYoungGen      total 209920K, used 18224K [0x00000000e0000000, 0x00000000eea80000, 0x0000000100000000)
  eden space 191488K, 0% used [0x00000000e0000000,0x00000000e0000000,0x00000000ebb00000)
  from space 18432K, 98% used [0x00000000ed880000,0x00000000eea4c0c0,0x00000000eea80000)
  to   space 20992K, 0% used [0x00000000ec180000,0x00000000ec180000,0x00000000ed600000)
 ParOldGen       total 129024K, used 37048K [0x00000000a0000000, 0x00000000a7e00000, 0x00000000e0000000)
  object space 129024K, 28% used [0x00000000a0000000,0x00000000a242e000,0x00000000a7e00000)
 Metaspace       used 63637K, capacity 65630K, committed 65880K, reserved 1105920K
  class space    used 8501K, capacity 8966K, committed 9088K, reserved 1048576K
}

