# JRE version: OpenJDK Runtime Environment (8.0_212-b04) (build 1.8.0_212-release-1586-b04)
# Java VM: OpenJDK 64-Bit Server VM (25.212-b04 mixed mode windows-amd64 compressed oops)
Heap:
 PSYoungGen      total 232448K, used 64835K [0x00000000e0000000, 0x00000000f1000000, 0x0000000100000000)
  eden space 211456K, 20% used [0x00000000e0000000,0x00000000e2b08210,0x00000000ece80000)
  from space 20992K, 98% used [0x00000000ece80000,0x00000000ee2c8c70,0x00000000ee300000)
  to   space 24064K, 0% used [0x00000000ef880000,0x00000000ef880000,0x00000000f1000000)
 ParOldGen       total 76800K, used 37109K [0x00000000a0000000, 0x00000000a4b00000, 0x00000000e0000000)
  object space 76800K, 48% used [0x00000000a0000000,0x00000000a243d540,0x00000000a4b00000)
 Metaspace       used 71666K, capacity 74084K, committed 74392K, reserved 1114112K
  class space    used 9539K, capacity 10099K, committed 10152K, reserved 1048576K
GC Heap History (10 events):
Event: 13.874 GC heap before
{Heap before GC invocations=12 (full 2):
 PSYoungGen      total 128512K, used 117760K [0x00000000e0000000, 0x00000000ebd00000, 0x0000000100000000)
  eden space 117760K, 100% used [0x00000000e0000000,0x00000000e7300000,0x00000000e7300000)
  from space 10752K, 0% used [0x00000000e7300000,0x00000000e7300000,0x00000000e7d80000)
  to   space 11776K, 0% used [0x00000000eb180000,0x00000000eb180000,0x00000000ebd00000)
 ParOldGen       total 76800K, used 17478K [0x00000000a0000000, 0x00000000a4b00000, 0x00000000e0000000)
  object space 76800K, 22% used [0x00000000a0000000,0x00000000a1111b10,0x00000000a4b00000)
 Metaspace       used 45516K, capacity 46578K, committed 46888K, reserved 1089536K
  class space    used 6123K, capacity 6412K, committed 6440K, reserved 1048576K
Event: 13.896 GC heap after
Heap after GC invocations=12 (full 2):
 PSYoungGen      total 172032K, used 11763K [0x00000000e0000000, 0x00000000ebd00000, 0x0000000100000000)
  eden space 160256K, 0% used [0x00000000e0000000,0x00000000e0000000,0x00000000e9c80000)
  from space 11776K, 99% used [0x00000000eb180000,0x00000000ebcfcc00,0x00000000ebd00000)
  to   space 14336K, 0% used [0x00000000ea100000,0x00000000ea100000,0x00000000eaf00000)
 ParOldGen       total 76800K, used 21043K [0x00000000a0000000, 0x00000000a4b00000, 0x00000000e0000000)
  object space 76800K, 27% used [0x00000000a0000000,0x00000000a148cd28,0x00000000a4b00000)
 Metaspace       used 45516K, capacity 46578K, committed 46888K, reserved 1089536K
  class space    used 6123K, capacity 6412K, committed 6440K, reserved 1048576K
}
Event: 16.941 GC heap before
{Heap before GC invocations=13 (full 2):
 PSYoungGen      total 172032K, used 151250K [0x00000000e0000000, 0x00000000ebd00000, 0x0000000100000000)
  eden space 160256K, 87% used [0x00000000e0000000,0x00000000e8837c88,0x00000000e9c80000)
  from space 11776K, 99% used [0x00000000eb180000,0x00000000ebcfcc00,0x00000000ebd00000)
  to   space 14336K, 0% used [0x00000000ea100000,0x00000000ea100000,0x00000000eaf00000)
 ParOldGen       total 76800K, used 21043K [0x00000000a0000000, 0x00000000a4b00000, 0x00000000e0000000)
  object space 76800K, 27% used [0x00000000a0000000,0x00000000a148cd28,0x00000000a4b00000)
 Metaspace       used 57440K, capacity 59068K, committed 59160K, reserved 1099776K
  class space    used 7816K, capacity 8213K, committed 8232K, reserved 1048576K
Event: 16.966 GC heap after
Heap after GC invocations=13 (full 2):
 PSYoungGen      total 179200K, used 14335K [0x00000000e0000000, 0x00000000ef800000, 0x0000000100000000)
  eden space 164864K, 0% used [0x00000000e0000000,0x00000000e0000000,0x00000000ea100000)
  from space 14336K, 99% used [0x00000000ea100000,0x00000000eaeffd70,0x00000000eaf00000)
  to   space 18944K, 0% used [0x00000000ee580000,0x00000000ee580000,0x00000000ef800000)
 ParOldGen       total 76800K, used 29369K [0x00000000a0000000, 0x00000000a4b00000, 0x00000000e0000000)
  object space 76800K, 38% used [0x00000000a0000000,0x00000000a1cae730,0x00000000a4b00000)
 Metaspace       used 57440K, capacity 59068K, committed 59160K, reserved 1099776K
  class space    used 7816K, capacity 8213K, committed 8232K, reserved 1048576K
}
Event: 16.966 GC heap before
{Heap before GC invocations=14 (full 3):
 PSYoungGen      total 179200K, used 14335K [0x00000000e0000000, 0x00000000ef800000, 0x0000000100000000)
  eden space 164864K, 0% used [0x00000000e0000000,0x00000000e0000000,0x00000000ea100000)
  from space 14336K, 99% used [0x00000000ea100000,0x00000000eaeffd70,0x00000000eaf00000)
  to   space 18944K, 0% used [0x00000000ee580000,0x00000000ee580000,0x00000000ef800000)
 ParOldGen       total 76800K, used 29369K [0x00000000a0000000, 0x00000000a4b00000, 0x00000000e0000000)
  object space 76800K, 38% used [0x00000000a0000000,0x00000000a1cae730,0x00000000a4b00000)
 Metaspace       used 57440K, capacity 59068K, committed 59160K, reserved 1099776K
  class space    used 7816K, capacity 8213K, committed 8232K, reserved 1048576K
Event: 17.174 GC heap after
Heap after GC invocations=14 (full 3):
 PSYoungGen      total 179200K, used 0K [0x00000000e0000000, 0x00000000ef800000, 0x0000000100000000)
  eden space 164864K, 0% used [0x00000000e0000000,0x00000000e0000000,0x00000000ea100000)
  from space 14336K, 0% used [0x00000000ea100000,0x00000000ea100000,0x00000000eaf00000)
  to   space 18944K, 0% used [0x00000000ee580000,0x00000000ee580000,0x00000000ef800000)
 ParOldGen       total 76800K, used 37085K [0x00000000a0000000, 0x00000000a4b00000, 0x00000000e0000000)
  object space 76800K, 48% used [0x00000000a0000000,0x00000000a2437540,0x00000000a4b00000)
 Metaspace       used 57440K, capacity 59068K, committed 59160K, reserved 1099776K
  class space    used 7816K, capacity 8213K, committed 8232K, reserved 1048576K
}
Event: 29.987 GC heap before
{Heap before GC invocations=15 (full 3):
 PSYoungGen      total 179200K, used 164864K [0x00000000e0000000, 0x00000000ef800000, 0x0000000100000000)
  eden space 164864K, 100% used [0x00000000e0000000,0x00000000ea100000,0x00000000ea100000)
  from space 14336K, 0% used [0x00000000ea100000,0x00000000ea100000,0x00000000eaf00000)
  to   space 18944K, 0% used [0x00000000ee580000,0x00000000ee580000,0x00000000ef800000)
 ParOldGen       total 76800K, used 37085K [0x00000000a0000000, 0x00000000a4b00000, 0x00000000e0000000)
  object space 76800K, 48% used [0x00000000a0000000,0x00000000a2437540,0x00000000a4b00000)
 Metaspace       used 63794K, capacity 65800K, committed 66072K, reserved 1105920K
  class space    used 8512K, capacity 8977K, committed 9000K, reserved 1048576K
Event: 30.001 GC heap after
Heap after GC invocations=15 (full 3):
 PSYoungGen      total 215040K, used 18128K [0x00000000e0000000, 0x00000000ef780000, 0x0000000100000000)
  eden space 196608K, 0% used [0x00000000e0000000,0x00000000e0000000,0x00000000ec000000)
  from space 18432K, 98% used [0x00000000ee580000,0x00000000ef7340c0,0x00000000ef780000)
  to   space 20992K, 0% used [0x00000000ece80000,0x00000000ece80000,0x00000000ee300000)
 ParOldGen       total 76800K, used 37093K [0x00000000a0000000, 0x00000000a4b00000, 0x00000000e0000000)
  object space 76800K, 48% used [0x00000000a0000000,0x00000000a2439540,0x00000000a4b00000)
 Metaspace       used 63794K, capacity 65800K, committed 66072K, reserved 1105920K
  class space    used 8512K, capacity 8977K, committed 9000K, reserved 1048576K
}
Event: 40.576 GC heap before
{Heap before GC invocations=16 (full 3):
 PSYoungGen      total 215040K, used 214736K [0x00000000e0000000, 0x00000000ef780000, 0x0000000100000000)
  eden space 196608K, 100% used [0x00000000e0000000,0x00000000ec000000,0x00000000ec000000)
  from space 18432K, 98% used [0x00000000ee580000,0x00000000ef7340c0,0x00000000ef780000)
  to   space 20992K, 0% used [0x00000000ece80000,0x00000000ece80000,0x00000000ee300000)
 ParOldGen       total 76800K, used 37093K [0x00000000a0000000, 0x00000000a4b00000, 0x00000000e0000000)
  object space 76800K, 48% used [0x00000000a0000000,0x00000000a2439540,0x00000000a4b00000)
 Metaspace       used 71568K, capacity 74010K, committed 74136K, reserved 1114112K
  class space    used 9538K, capacity 10098K, committed 10152K, reserved 1048576K
Event: 40.610 GC heap after
Heap after GC invocations=16 (full 3):
 PSYoungGen      total 232448K, used 20771K [0x00000000e0000000, 0x00000000f1000000, 0x0000000100000000)
  eden space 211456K, 0% used [0x00000000e0000000,0x00000000e0000000,0x00000000ece80000)
  from space 20992K, 98% used [0x00000000ece80000,0x00000000ee2c8c70,0x00000000ee300000)
  to   space 24064K, 0% used [0x00000000ef880000,0x00000000ef880000,0x00000000f1000000)
 ParOldGen       total 76800K, used 37109K [0x00000000a0000000, 0x00000000a4b00000, 0x00000000e0000000)
  object space 76800K, 48% used [0x00000000a0000000,0x00000000a243d540,0x00000000a4b00000)
 Metaspace       used 71568K, capacity 74010K, committed 74136K, reserved 1114112K
  class space    used 9538K, capacity 10098K, committed 10152K, reserved 1048576K
}

